"pkg-config --exists openssl"
package configuration for openssl is not found
have_library: checking for -lcrypto... -------------------- yes

"clang -fdeclspec -o conftest -I/usr/local/Cellar/ruby/3.0.0_1/include/ruby-3.0.0/x86_64-darwin19 -I/usr/local/Cellar/ruby/3.0.0_1/include/ruby-3.0.0/ruby/backward -I/usr/local/Cellar/ruby/3.0.0_1/include/ruby-3.0.0 -I.  -I/usr/local/opt/libyaml/include -I/usr/local/opt/openssl@1.1/include -I/usr/local/opt/readline/include -D_XOPEN_SOURCE -D_DARWIN_C_SOURCE -D_DARWIN_UNLIMITED_SELECT -D_REENTRANT   -O3 -ggdb3 -Wall -Wextra -Wdeprecated-declarations -Wdivision-by-zero -Wimplicit-function-declaration -Wimplicit-int -Wmisleading-indentation -Wpointer-arith -Wshorten-64-to-32 -Wwrite-strings -Wmissing-noreturn -Wno-constant-logical-operand -Wno-long-long -Wno-missing-field-initializers -Wno-overlength-strings -Wno-parentheses-equality -Wno-self-assign -Wno-tautological-compare -Wno-unused-parameter -Wno-unused-value -Wunused-variable -Wextra-tokens  -fno-common -pipe conftest.c  -L. -L/usr/local/Cellar/ruby/3.0.0_1/lib -L/usr/local/opt/libyaml/lib -L/usr/local/opt/openssl@1.1/lib -L/usr/local/opt/readline/lib -L. -fstack-protector-strong -L/usr/local/lib -L/usr/local/opt/libyaml/lib -L/usr/local/opt/openssl@1.1/lib -L/usr/local/opt/readline/lib     -lruby.3.0   "
checked program was:
/* begin */
1: #include "ruby.h"
2: 
3: int main(int argc, char **argv)
4: {
5:   return !!argv[argc];
6: }
/* end */

"clang -fdeclspec -o conftest -I/usr/local/Cellar/ruby/3.0.0_1/include/ruby-3.0.0/x86_64-darwin19 -I/usr/local/Cellar/ruby/3.0.0_1/include/ruby-3.0.0/ruby/backward -I/usr/local/Cellar/ruby/3.0.0_1/include/ruby-3.0.0 -I.  -I/usr/local/opt/libyaml/include -I/usr/local/opt/openssl@1.1/include -I/usr/local/opt/readline/include -D_XOPEN_SOURCE -D_DARWIN_C_SOURCE -D_DARWIN_UNLIMITED_SELECT -D_REENTRANT   -O3 -ggdb3 -Wall -Wextra -Wdeprecated-declarations -Wdivision-by-zero -Wimplicit-function-declaration -Wimplicit-int -Wmisleading-indentation -Wpointer-arith -Wshorten-64-to-32 -Wwrite-strings -Wmissing-noreturn -Wno-constant-logical-operand -Wno-long-long -Wno-missing-field-initializers -Wno-overlength-strings -Wno-parentheses-equality -Wno-self-assign -Wno-tautological-compare -Wno-unused-parameter -Wno-unused-value -Wunused-variable -Wextra-tokens  -fno-common -pipe conftest.c  -L. -L/usr/local/Cellar/ruby/3.0.0_1/lib -L/usr/local/opt/libyaml/lib -L/usr/local/opt/openssl@1.1/lib -L/usr/local/opt/readline/lib -L. -fstack-protector-strong -L/usr/local/lib -L/usr/local/opt/libyaml/lib -L/usr/local/opt/openssl@1.1/lib -L/usr/local/opt/readline/lib     -lruby.3.0  -lcrypto  "
checked program was:
/* begin */
 1: #include "ruby.h"
 2: 
 3: /*top*/
 4: extern int t(void);
 5: int main(int argc, char **argv)
 6: {
 7:   if (argc > 1000000) {
 8:     int (* volatile tp)(void)=(int (*)(void))&t;
 9:     printf("%d", (*tp)());
10:   }
11: 
12:   return !!argv[argc];
13: }
14: 
15: int t(void) { ; return 0; }
/* end */

--------------------

have_library: checking for -lssl... -------------------- yes

"clang -fdeclspec -o conftest -I/usr/local/Cellar/ruby/3.0.0_1/include/ruby-3.0.0/x86_64-darwin19 -I/usr/local/Cellar/ruby/3.0.0_1/include/ruby-3.0.0/ruby/backward -I/usr/local/Cellar/ruby/3.0.0_1/include/ruby-3.0.0 -I.  -I/usr/local/opt/libyaml/include -I/usr/local/opt/openssl@1.1/include -I/usr/local/opt/readline/include -D_XOPEN_SOURCE -D_DARWIN_C_SOURCE -D_DARWIN_UNLIMITED_SELECT -D_REENTRANT   -O3 -ggdb3 -Wall -Wextra -Wdeprecated-declarations -Wdivision-by-zero -Wimplicit-function-declaration -Wimplicit-int -Wmisleading-indentation -Wpointer-arith -Wshorten-64-to-32 -Wwrite-strings -Wmissing-noreturn -Wno-constant-logical-operand -Wno-long-long -Wno-missing-field-initializers -Wno-overlength-strings -Wno-parentheses-equality -Wno-self-assign -Wno-tautological-compare -Wno-unused-parameter -Wno-unused-value -Wunused-variable -Wextra-tokens  -fno-common -pipe conftest.c  -L. -L/usr/local/Cellar/ruby/3.0.0_1/lib -L/usr/local/opt/libyaml/lib -L/usr/local/opt/openssl@1.1/lib -L/usr/local/opt/readline/lib -L. -fstack-protector-strong -L/usr/local/lib -L/usr/local/opt/libyaml/lib -L/usr/local/opt/openssl@1.1/lib -L/usr/local/opt/readline/lib     -lcrypto -lruby.3.0  -lcrypto -lssl  "
checked program was:
/* begin */
 1: #include "ruby.h"
 2: 
 3: /*top*/
 4: extern int t(void);
 5: int main(int argc, char **argv)
 6: {
 7:   if (argc > 1000000) {
 8:     int (* volatile tp)(void)=(int (*)(void))&t;
 9:     printf("%d", (*tp)());
10:   }
11: 
12:   return !!argv[argc];
13: }
14: 
15: int t(void) { ; return 0; }
/* end */

--------------------

have_header: checking for openssl/ssl.h... -------------------- yes

"clang -E -I/usr/local/Cellar/ruby/3.0.0_1/include/ruby-3.0.0/x86_64-darwin19 -I/usr/local/Cellar/ruby/3.0.0_1/include/ruby-3.0.0/ruby/backward -I/usr/local/Cellar/ruby/3.0.0_1/include/ruby-3.0.0 -I.  -I/usr/local/opt/libyaml/include -I/usr/local/opt/openssl@1.1/include -I/usr/local/opt/readline/include -D_XOPEN_SOURCE -D_DARWIN_C_SOURCE -D_DARWIN_UNLIMITED_SELECT -D_REENTRANT   -O3 -ggdb3 -Wall -Wextra -Wdeprecated-declarations -Wdivision-by-zero -Wimplicit-function-declaration -Wimplicit-int -Wmisleading-indentation -Wpointer-arith -Wshorten-64-to-32 -Wwrite-strings -Wmissing-noreturn -Wno-constant-logical-operand -Wno-long-long -Wno-missing-field-initializers -Wno-overlength-strings -Wno-parentheses-equality -Wno-self-assign -Wno-tautological-compare -Wno-unused-parameter -Wno-unused-value -Wunused-variable -Wextra-tokens  -fno-common -pipe  conftest.c -o conftest.i"
checked program was:
/* begin */
1: #include "ruby.h"
2: 
3: #include <openssl/ssl.h>
/* end */

--------------------

have_header: checking for openssl/err.h... -------------------- yes

"clang -E -I/usr/local/Cellar/ruby/3.0.0_1/include/ruby-3.0.0/x86_64-darwin19 -I/usr/local/Cellar/ruby/3.0.0_1/include/ruby-3.0.0/ruby/backward -I/usr/local/Cellar/ruby/3.0.0_1/include/ruby-3.0.0 -I.  -I/usr/local/opt/libyaml/include -I/usr/local/opt/openssl@1.1/include -I/usr/local/opt/readline/include -D_XOPEN_SOURCE -D_DARWIN_C_SOURCE -D_DARWIN_UNLIMITED_SELECT -D_REENTRANT   -O3 -ggdb3 -Wall -Wextra -Wdeprecated-declarations -Wdivision-by-zero -Wimplicit-function-declaration -Wimplicit-int -Wmisleading-indentation -Wpointer-arith -Wshorten-64-to-32 -Wwrite-strings -Wmissing-noreturn -Wno-constant-logical-operand -Wno-long-long -Wno-missing-field-initializers -Wno-overlength-strings -Wno-parentheses-equality -Wno-self-assign -Wno-tautological-compare -Wno-unused-parameter -Wno-unused-value -Wunused-variable -Wextra-tokens  -fno-common -pipe  conftest.c -o conftest.i"
checked program was:
/* begin */
1: #include "ruby.h"
2: 
3: #include <openssl/err.h>
/* end */

--------------------

have_var: checking for rb_trap_immediate in ruby.h,rubysig.h... -------------------- no

"clang -fdeclspec -I/usr/local/Cellar/ruby/3.0.0_1/include/ruby-3.0.0/x86_64-darwin19 -I/usr/local/Cellar/ruby/3.0.0_1/include/ruby-3.0.0/ruby/backward -I/usr/local/Cellar/ruby/3.0.0_1/include/ruby-3.0.0 -I.  -I/usr/local/opt/libyaml/include -I/usr/local/opt/openssl@1.1/include -I/usr/local/opt/readline/include -D_XOPEN_SOURCE -D_DARWIN_C_SOURCE -D_DARWIN_UNLIMITED_SELECT -D_REENTRANT   -O3 -ggdb3 -Wall -Wextra -Wdeprecated-declarations -Wdivision-by-zero -Wimplicit-function-declaration -Wimplicit-int -Wmisleading-indentation -Wpointer-arith -Wshorten-64-to-32 -Wwrite-strings -Wmissing-noreturn -Wno-constant-logical-operand -Wno-long-long -Wno-missing-field-initializers -Wno-overlength-strings -Wno-parentheses-equality -Wno-self-assign -Wno-tautological-compare -Wno-unused-parameter -Wno-unused-value -Wunused-variable -Wextra-tokens  -fno-common -pipe   -c conftest.c"
conftest.c:4:10: fatal error: 'rubysig.h' file not found
#include <rubysig.h>
         ^~~~~~~~~~~
1 error generated.
checked program was:
/* begin */
 1: #include "ruby.h"
 2: 
 3: #include <ruby.h>
 4: #include <rubysig.h>
 5: 
 6: /*top*/
 7: extern int t(void);
 8: int main(int argc, char **argv)
 9: {
10:   if (argc > 1000000) {
11:     int (* volatile tp)(void)=(int (*)(void))&t;
12:     printf("%d", (*tp)());
13:   }
14: 
15:   return !!argv[argc];
16: }
17: int t(void) { const volatile void *volatile p; p = &(&rb_trap_immediate)[0]; return !p; }
/* end */

--------------------

"clang -fdeclspec -o conftest -I/usr/local/Cellar/ruby/3.0.0_1/include/ruby-3.0.0/x86_64-darwin19 -I/usr/local/Cellar/ruby/3.0.0_1/include/ruby-3.0.0/ruby/backward -I/usr/local/Cellar/ruby/3.0.0_1/include/ruby-3.0.0 -I.  -I/usr/local/opt/libyaml/include -I/usr/local/opt/openssl@1.1/include -I/usr/local/opt/readline/include -D_XOPEN_SOURCE -D_DARWIN_C_SOURCE -D_DARWIN_UNLIMITED_SELECT -D_REENTRANT   -O3 -ggdb3 -Wall -Wextra -Wdeprecated-declarations -Wdivision-by-zero -Wimplicit-function-declaration -Wimplicit-int -Wmisleading-indentation -Wpointer-arith -Wshorten-64-to-32 -Wwrite-strings -Wmissing-noreturn -Wno-constant-logical-operand -Wno-long-long -Wno-missing-field-initializers -Wno-overlength-strings -Wno-parentheses-equality -Wno-self-assign -Wno-tautological-compare -Wno-unused-parameter -Wno-unused-value -Wunused-variable -Wextra-tokens  -fno-common -pipe conftest.c  -L. -L/usr/local/Cellar/ruby/3.0.0_1/lib -L/usr/local/opt/libyaml/lib -L/usr/local/opt/openssl@1.1/lib -L/usr/local/opt/readline/lib -L. -fstack-protector-strong -L/usr/local/lib -L/usr/local/opt/libyaml/lib -L/usr/local/opt/openssl@1.1/lib -L/usr/local/opt/readline/lib     -lcrypto -lssl -lruby.3.0  -lcrypto -lssl  "
conftest.c:14:57: error: use of undeclared identifier 'rb_thread_blocking_region'
int t(void) { void ((*volatile p)()); p = (void ((*)()))rb_thread_blocking_region; return !p; }
                                                        ^
1 error generated.
checked program was:
/* begin */
 1: #include "ruby.h"
 2: 
 3: /*top*/
 4: extern int t(void);
 5: int main(int argc, char **argv)
 6: {
 7:   if (argc > 1000000) {
 8:     int (* volatile tp)(void)=(int (*)(void))&t;
 9:     printf("%d", (*tp)());
10:   }
11: 
12:   return !!argv[argc];
13: }
14: int t(void) { void ((*volatile p)()); p = (void ((*)()))rb_thread_blocking_region; return !p; }
/* end */

"clang -fdeclspec -o conftest -I/usr/local/Cellar/ruby/3.0.0_1/include/ruby-3.0.0/x86_64-darwin19 -I/usr/local/Cellar/ruby/3.0.0_1/include/ruby-3.0.0/ruby/backward -I/usr/local/Cellar/ruby/3.0.0_1/include/ruby-3.0.0 -I.  -I/usr/local/opt/libyaml/include -I/usr/local/opt/openssl@1.1/include -I/usr/local/opt/readline/include -D_XOPEN_SOURCE -D_DARWIN_C_SOURCE -D_DARWIN_UNLIMITED_SELECT -D_REENTRANT   -O3 -ggdb3 -Wall -Wextra -Wdeprecated-declarations -Wdivision-by-zero -Wimplicit-function-declaration -Wimplicit-int -Wmisleading-indentation -Wpointer-arith -Wshorten-64-to-32 -Wwrite-strings -Wmissing-noreturn -Wno-constant-logical-operand -Wno-long-long -Wno-missing-field-initializers -Wno-overlength-strings -Wno-parentheses-equality -Wno-self-assign -Wno-tautological-compare -Wno-unused-parameter -Wno-unused-value -Wunused-variable -Wextra-tokens  -fno-common -pipe conftest.c  -L. -L/usr/local/Cellar/ruby/3.0.0_1/lib -L/usr/local/opt/libyaml/lib -L/usr/local/opt/openssl@1.1/lib -L/usr/local/opt/readline/lib -L. -fstack-protector-strong -L/usr/local/lib -L/usr/local/opt/libyaml/lib -L/usr/local/opt/openssl@1.1/lib -L/usr/local/opt/readline/lib     -lcrypto -lssl -lruby.3.0  -lcrypto -lssl  "
checked program was:
/* begin */
 1: #include "ruby.h"
 2: 
 3: /*top*/
 4: extern int t(void);
 5: int main(int argc, char **argv)
 6: {
 7:   if (argc > 1000000) {
 8:     int (* volatile tp)(void)=(int (*)(void))&t;
 9:     printf("%d", (*tp)());
10:   }
11: 
12:   return !!argv[argc];
13: }
14: extern void rb_thread_blocking_region();
15: int t(void) { rb_thread_blocking_region(); return 0; }
/* end */

